<?xml version="1.0" encoding="UTF-8"?>
<!-- Generated by org.testng.reporters.JUnitReportReporter -->
<testsuite hostname="DESKTOP-M3FP8SU" name="crossBrowserTests.VerifyTitle" tests="3" failures="0" timestamp="18 Feb 2020 11:44:08 GMT" time="11.550" errors="0">
  <testcase name="verifyTitle" time="5.447" classname="crossBrowserTests.VerifyTitle"/>
  <testcase name="verifyTitle" time="0.793" classname="crossBrowserTests.VerifyTitle"/>
  <testcase name="verifyTitle" time="5.310" classname="crossBrowserTests.VerifyTitle"/>
</testsuite> <!-- crossBrowserTests.VerifyTitle -->
