<?xml version="1.0" encoding="UTF-8"?>
<!-- Generated by org.testng.reporters.JUnitReportReporter -->
<testsuite hostname="DESKTOP-M3FP8SU" name="crossBrowserTests.VerifyTitle" tests="3" failures="0" timestamp="18 Feb 2020 19:38:46 GMT" time="13.156" errors="0">
  <testcase name="verifyTitle" time="7.375" classname="crossBrowserTests.VerifyTitle"/>
  <testcase name="verifyTitle" time="0.873" classname="crossBrowserTests.VerifyTitle"/>
  <testcase name="verifyTitle" time="4.908" classname="crossBrowserTests.VerifyTitle"/>
</testsuite> <!-- crossBrowserTests.VerifyTitle -->
