<?xml version="1.0" encoding="UTF-8"?>
<!-- Generated by org.testng.reporters.JUnitReportReporter -->
<testsuite hostname="DESKTOP-M3FP8SU" name="crossBrowserTests.TestOne" tests="1" failures="0" timestamp="18 Feb 2020 09:55:49 GMT" time="4.299" errors="0">
  <testcase name="login" time="4.299" classname="crossBrowserTests.TestOne"/>
</testsuite> <!-- crossBrowserTests.TestOne -->
